2025-07-21 00:41:31,819 - INFO - Enhanced Depth Threshold Analyzer 초기화 완료
2025-07-21 00:41:31,819 - INFO - 분석 단계 시작: Data Loading
2025-07-21 00:41:31,819 - INFO - 깊이 데이터 로딩 시작: depth_data
2025-07-21 00:41:35,081 - INFO - 깊이 데이터 로딩 완료: 49개
2025-07-21 00:41:35,081 - INFO - 단계 완료: Data Loading (3.26초)
2025-07-21 00:41:35,081 - INFO - 분석 단계 시작: MIDI Matching
2025-07-21 00:41:35,081 - INFO - 깊이-MIDI 데이터 매칭 시작
2025-07-21 00:41:35,152 - INFO - MIDI 로딩 완료 2024-02-15_20-38-23.mid: 0.07초
2025-07-21 00:41:35,152 - INFO - 매칭 후보: 2024-09-02_23-22-31 <-> 2024-02-15_20-38-23
2025-07-21 00:41:35,152 - INFO -   이름 점수: 35.0, 길이 점수: 90.0
2025-07-21 00:41:35,152 - INFO -   비디오 길이: 390.5초, MIDI 길이: 423.3초
2025-07-21 00:41:35,152 - INFO -   총점: 51.5
2025-07-21 00:41:35,478 - INFO - MIDI 로딩 완료 2024-04-08_23-42-45.mid: 0.33초
2025-07-21 00:41:35,567 - INFO - MIDI 로딩 완료 2024-02-17_22-12-41.mid: 0.09초
2025-07-21 00:41:35,717 - INFO - MIDI 로딩 완료 2024-03-04_22-38-33.mid: 0.15초
2025-07-21 00:41:35,783 - INFO - MIDI 로딩 완료 2024-03-04_04-14-36.mid: 0.06초
2025-07-21 00:41:35,807 - INFO - MIDI 로딩 완료 2024-09-02_12-45-12.mid: 0.02초
2025-07-21 00:41:35,807 - INFO - 매칭 후보: 2024-09-02_23-22-31 <-> 2024-09-02_12-45-12
2025-07-21 00:41:35,807 - INFO -   이름 점수: 85.0, 길이 점수: 80.0
2025-07-21 00:41:35,807 - INFO -   비디오 길이: 390.5초, MIDI 길이: 315.9초
2025-07-21 00:41:35,807 - INFO -   총점: 83.5
2025-07-21 00:41:35,809 - INFO - MIDI 로딩 완료 2024-09-05_21-01-27.mid: 0.00초
2025-07-21 00:41:35,822 - INFO - MIDI 로딩 완료 2024-09-05_21-13-49.mid: 0.01초
2025-07-21 00:41:35,830 - INFO - MIDI 로딩 완료 2024-09-05_21-18-58.mid: 0.01초
2025-07-21 00:41:35,868 - INFO - MIDI 로딩 완료 2024-09-05_22-11-07.mid: 0.04초
2025-07-21 00:41:36,217 - INFO - MIDI 로딩 완료 2024-03-18_04-15-06.mid: 0.35초
2025-07-21 00:41:36,236 - INFO - MIDI 로딩 완료 2024-02-15_21-57-38.mid: 0.01초
2025-07-21 00:41:36,330 - INFO - MIDI 로딩 완료 2024-02-15_21-01-11.mid: 0.09초
2025-07-21 00:41:36,339 - INFO - MIDI 로딩 완료 2024-09-04_22-00-35.mid: 0.01초
2025-07-21 00:41:36,384 - INFO - MIDI 로딩 완료 2024-02-20_18-08-35.mid: 0.04초
2025-07-21 00:41:36,387 - INFO - MIDI 로딩 완료 2024-09-05_13-25-10.mid: 0.00초
2025-07-21 00:41:36,389 - INFO - MIDI 로딩 완료 2024-09-04_16-13-44.mid: 0.00초
2025-07-21 00:41:36,429 - INFO - MIDI 로딩 완료 2024-09-02_23-49-01.mid: 0.04초
2025-07-21 00:41:36,526 - INFO - MIDI 로딩 완료 2024-09-03_00-07-46.mid: 0.10초
2025-07-21 00:41:36,666 - INFO - MIDI 로딩 완료 2024-02-16_14-41-07.mid: 0.14초
2025-07-21 00:41:36,744 - INFO - MIDI 로딩 완료 2024-09-02_18-42-47.mid: 0.08초
2025-07-21 00:41:37,117 - INFO - MIDI 로딩 완료 2024-09-04_20-59-20.mid: 0.37초
2025-07-21 00:41:37,223 - INFO - MIDI 로딩 완료 2024-02-15_22-57-11.mid: 0.11초
2025-07-21 00:41:37,238 - INFO - MIDI 로딩 완료 2024-09-02_18-29-40.mid: 0.01초
2025-07-21 00:41:37,279 - INFO - MIDI 로딩 완료 2024-04-08_23-26-19.mid: 0.04초
2025-07-21 00:41:37,309 - INFO - MIDI 로딩 완료 2024-09-02_20-00-16.mid: 0.03초
2025-07-21 00:41:37,425 - INFO - MIDI 로딩 완료 2024-02-16_23-19-03.mid: 0.12초
2025-07-21 00:41:37,567 - INFO - MIDI 로딩 완료 2024-02-14_20-10-08.mid: 0.14초
2025-07-21 00:41:37,678 - INFO - MIDI 로딩 완료 2024-02-17_00-12-50.mid: 0.11초
2025-07-21 00:41:37,728 - INFO - MIDI 로딩 완료 2024-02-15_21-40-43.mid: 0.05초
2025-07-21 00:41:37,820 - INFO - MIDI 로딩 완료 2024-04-09_03-42-36.mid: 0.09초
2025-07-21 00:41:38,099 - INFO - MIDI 로딩 완료 2024-02-20_18-23-30.mid: 0.28초
2025-07-21 00:41:38,186 - INFO - MIDI 로딩 완료 2024-02-22_11-58-09.mid: 0.08초
2025-07-21 00:41:38,259 - INFO - MIDI 로딩 완료 2024-09-04_20-09-07.mid: 0.07초
2025-07-21 00:41:38,345 - INFO - MIDI 로딩 완료 2024-02-14_20-58-43.mid: 0.09초
2025-07-21 00:41:38,347 - INFO - MIDI 로딩 완료 2024-09-05_21-31-00.mid: 0.00초
2025-07-21 00:41:38,720 - INFO - MIDI 로딩 완료 2024-02-14_19-55-17.mid: 0.37초
2025-07-21 00:41:38,730 - INFO - MIDI 로딩 완료 2024-09-05_13-36-00.mid: 0.01초
2025-07-21 00:41:38,767 - INFO - MIDI 로딩 완료 2024-09-02_20-50-18.mid: 0.04초
2025-07-21 00:41:38,977 - INFO - MIDI 로딩 완료 2024-03-13_11-54-57.mid: 0.21초
2025-07-21 00:41:38,981 - INFO - MIDI 로딩 완료 2024-09-04_17-07-59.mid: 0.00초
2025-07-21 00:41:39,048 - INFO - MIDI 로딩 완료 2024-02-14_19-44-26.mid: 0.07초
2025-07-21 00:41:39,277 - INFO - MIDI 로딩 완료 2024-03-26_16-33-49.mid: 0.23초
2025-07-21 00:41:39,307 - INFO - MIDI 로딩 완료 2024-04-08_22-49-18.mid: 0.03초
2025-07-21 00:41:39,326 - INFO - MIDI 로딩 완료 2024-02-15_20-47-59.mid: 0.02초
2025-07-21 00:41:39,339 - INFO - MIDI 로딩 완료 2024-09-05_20-46-25.mid: 0.01초
2025-07-21 00:41:39,356 - INFO - MIDI 로딩 완료 2024-02-15_20-54-38.mid: 0.02초
2025-07-21 00:41:39,402 - INFO - MIDI 로딩 완료 2024-09-04_17-12-33.mid: 0.05초
2025-07-21 00:41:39,477 - INFO - MIDI 로딩 완료 2024-02-15_22-02-16.mid: 0.08초
2025-07-21 00:41:39,508 - INFO - MIDI 로딩 완료 2024-09-02_21-04-45.mid: 0.03초
2025-07-21 00:41:39,685 - INFO - MIDI 로딩 완료 2024-02-15_22-18-32.mid: 0.18초
2025-07-21 00:41:39,693 - INFO - MIDI 로딩 완료 2024-09-04_22-06-40.mid: 0.01초
2025-07-21 00:41:39,711 - INFO - MIDI 로딩 완료 2024-09-05_13-50-00.mid: 0.02초
2025-07-21 00:41:39,858 - INFO - MIDI 로딩 완료 2024-02-15_23-14-13.mid: 0.15초
2025-07-21 00:41:39,927 - INFO - MIDI 로딩 완료 2024-02-17_00-29-10.mid: 0.07초
2025-07-21 00:41:40,458 - INFO - MIDI 로딩 완료 2024-02-22_14-11-52.mid: 0.53초
2025-07-21 00:41:40,492 - INFO - MIDI 로딩 완료 2024-09-02_19-40-55.mid: 0.03초
2025-07-21 00:41:40,492 - INFO - 매칭 후보: 2024-09-02_23-22-31 <-> 2024-09-02_19-40-55
2025-07-21 00:41:40,492 - INFO -   이름 점수: 85.0, 길이 점수: 90.0
2025-07-21 00:41:40,492 - INFO -   비디오 길이: 390.5초, MIDI 길이: 417.7초
2025-07-21 00:41:40,492 - INFO -   총점: 86.5
2025-07-21 00:41:40,543 - INFO - MIDI 로딩 완료 2024-09-04_19-52-57.mid: 0.05초
2025-07-21 00:41:40,581 - INFO - MIDI 로딩 완료 2024-02-15_21-33-36.mid: 0.04초
2025-07-21 00:41:40,583 - INFO - MIDI 로딩 완료 2024-03-04_03-46-36.mid: 0.00초
2025-07-21 00:41:40,584 - INFO - MIDI 로딩 완료 2024-09-04_17-02-04.mid: 0.00초
2025-07-21 00:41:40,700 - INFO - MIDI 로딩 완료 2024-04-08_23-50-57.mid: 0.12초
2025-07-21 00:41:40,711 - INFO - MIDI 로딩 완료 2024-09-04_21-51-59.mid: 0.01초
2025-07-21 00:41:40,822 - INFO - MIDI 로딩 완료 2024-03-04_04-36-26.mid: 0.11초
2025-07-21 00:41:40,875 - INFO - MIDI 로딩 완료 2024-09-04_21-09-37.mid: 0.05초
2025-07-21 00:41:40,894 - INFO - MIDI 로딩 완료 2024-03-04_04-32-11.mid: 0.02초
2025-07-21 00:41:40,986 - INFO - MIDI 로딩 완료 2024-03-11_22-23-29.mid: 0.09초
2025-07-21 00:41:41,024 - INFO - MIDI 로딩 완료 2024-09-02_23-22-31.mid: 0.04초
2025-07-21 00:41:41,025 - INFO - 매칭 후보: 2024-09-02_23-22-31 <-> 2024-09-02_23-22-31
2025-07-21 00:41:41,025 - INFO -   이름 점수: 100.0, 길이 점수: 100.0
2025-07-21 00:41:41,025 - INFO -   비디오 길이: 390.5초, MIDI 길이: 384.0초
2025-07-21 00:41:41,025 - INFO -   총점: 100.0
2025-07-21 00:41:41,079 - INFO - MIDI 로딩 완료 2024-09-02_13-19-32.mid: 0.05초
2025-07-21 00:41:41,121 - INFO - MIDI 로딩 완료 2024-09-02_15-15-09.mid: 0.04초
2025-07-21 00:41:41,214 - INFO - MIDI 로딩 완료 2024-02-14_20-37-55.mid: 0.09초
2025-07-21 00:41:41,271 - INFO - MIDI 로딩 완료 2024-09-04_22-19-28.mid: 0.05초
2025-07-21 00:41:41,284 - INFO - MIDI 로딩 완료 2024-09-04_22-13-22.mid: 0.01초
2025-07-21 00:41:41,297 - INFO - MIDI 로딩 완료 2024-09-04_21-44-42.mid: 0.01초
2025-07-21 00:41:41,379 - INFO - MIDI 로딩 완료 2024-02-15_21-18-14.mid: 0.08초
2025-07-21 00:41:41,427 - INFO - MIDI 로딩 완료 2024-09-04_18-11-36.mid: 0.05초
2025-07-21 00:41:41,428 - INFO - MIDI 로딩 완료 2024-02-17_21-37-57.mid: 0.00초
2025-07-21 00:41:41,448 - INFO - MIDI 로딩 완료 2024-09-02_14-10-41.mid: 0.02초
2025-07-21 00:41:41,502 - INFO - MIDI 로딩 완료 2024-09-02_15-26-39.mid: 0.05초
2025-07-21 00:41:41,579 - INFO - MIDI 로딩 완료 2024-02-14_19-10-09.mid: 0.08초
2025-07-21 00:41:41,594 - INFO - MIDI 로딩 완료 2024-09-05_21-07-35.mid: 0.01초
2025-07-21 00:41:42,016 - INFO - MIDI 로딩 완료 2024-02-15_15-13-10.mid: 0.42초
2025-07-21 00:41:42,032 - INFO - MIDI 로딩 완료 2024-03-27_11-49-04.mid: 0.01초
2025-07-21 00:41:42,049 - INFO - MIDI 로딩 완료 2024-09-04_19-09-38.mid: 0.02초
2025-07-21 00:41:42,068 - INFO - MIDI 로딩 완료 2024-09-05_20-51-00.mid: 0.02초
2025-07-21 00:41:42,095 - INFO - MIDI 로딩 완료 2024-02-15_22-12-41.mid: 0.03초
2025-07-21 00:41:42,145 - INFO - MIDI 로딩 완료 2024-04-08_23-10-23.mid: 0.05초
2025-07-21 00:41:42,166 - INFO - MIDI 로딩 완료 2024-02-17_22-33-45.mid: 0.02초
2025-07-21 00:41:42,212 - INFO - MIDI 로딩 완료 2024-09-05_21-37-08.mid: 0.05초
2025-07-21 00:41:42,219 - INFO - MIDI 로딩 완료 2024-09-02_18-25-31.mid: 0.01초
2025-07-21 00:41:42,278 - INFO - MIDI 로딩 완료 2024-02-15_20-28-13.mid: 0.06초
2025-07-21 00:41:42,384 - INFO - MIDI 로딩 완료 2024-04-09_04-09-27.mid: 0.11초
2025-07-21 00:41:42,428 - INFO - MIDI 로딩 완료 2024-09-03_00-44-45.mid: 0.04초
2025-07-21 00:41:42,589 - INFO - MIDI 로딩 완료 2024-03-12_15-43-01.mid: 0.16초
2025-07-21 00:41:42,767 - INFO - MIDI 로딩 완료 2024-03-13_11-32-42.mid: 0.18초
2025-07-21 00:41:42,896 - INFO - MIDI 로딩 완료 2024-03-15_22-54-26.mid: 0.13초
2025-07-21 00:41:42,976 - INFO - MIDI 로딩 완료 2024-03-04_03-50-34.mid: 0.08초
2025-07-21 00:41:42,978 - INFO - MIDI 로딩 완료 2024-09-05_21-26-38.mid: 0.00초
2025-07-21 00:41:42,980 - INFO - MIDI 로딩 완료 2024-09-05_21-04-38.mid: 0.00초
2025-07-21 00:41:43,039 - INFO - MIDI 로딩 완료 2024-09-04_20-20-07.mid: 0.06초
2025-07-21 00:41:43,097 - INFO - MIDI 로딩 완료 2024-02-15_20-07-54.mid: 0.06초
2025-07-21 00:41:43,154 - INFO - MIDI 로딩 완료 2024-02-15_20-17-26.mid: 0.06초
2025-07-21 00:41:43,791 - INFO - MIDI 로딩 완료 2024-02-14_21-30-04.mid: 0.64초
2025-07-21 00:41:43,803 - INFO - MIDI 로딩 완료 2024-02-17_21-44-37.mid: 0.01초
2025-07-21 00:41:43,839 - INFO - MIDI 로딩 완료 2024-09-02_15-05-42.mid: 0.04초
2025-07-21 00:41:44,002 - INFO - MIDI 로딩 완료 2024-03-17_18-54-44.mid: 0.16초
