? PyTorch 사용 가능
? CUDA GPU 사용 가능: NVIDIA GeForce RTX 4090
🔬 Using device: cuda (Scientific Grade Precision)
? PyTorch Floating Hands 모듈 로드 성공
? MIDI 비교 모듈 로드 성공
🔬 PyTorch Floating Hand Detection
============================================================
📊 현재 설정: 최대 10개 비디오, 임계값 0.9

🎯 통합 모드: Floating Detection + 깊이값 저장 + 결과 비디오 생성
============================================================
📁 videocapture 폴더에서 발견된 비디오: 107개
📊 분석 결과:
   ✅ 이미 처리된 비디오: 0개
   🔄 미처리 비디오: 107개

🎯 Raw 비디오를 직접 처리합니다
📝 107개 중 최신 10개만 선택

🎯 처리 대상 비디오: 10개
   📋 처리 방식: Raw 비디오 직접 처리
   1. 2024-09-05_22-11-07
   2. 2024-09-05_21-37-08
   3. 2024-09-05_21-31-00
   4. 2024-09-05_21-26-38
   5. 2024-09-05_21-18-58
   6. 2024-09-05_21-13-49
   7. 2024-09-05_21-07-35
   8. 2024-09-05_21-04-38
   9. 2024-09-05_21-01-27
   10. 2024-09-05_20-51-00
🎯 통합 처리 실행:
   ✅ Floating Detection (임계값: 0.9)
   💾 깊이 데이터 저장
   📹 결과 비디오 생성
   📊 최대 10개 비디오 처리


? 대상 비디오 해상도 체크:
============================================================
? 2024-09-05_22-11-07:
   해상도: 1920x1080 (비율: 0.562)
   FPS: 60, 총 프레임: 29,289개
   길이: 488.1초 (8.1분)
? 2024-09-05_21-37-08:
   해상도: 1920x1080 (비율: 0.562)
   FPS: 60, 총 프레임: 50,608개
   길이: 843.5초 (14.1분)
? 2024-09-05_21-31-00:
   해상도: 1920x1080 (비율: 0.562)
   FPS: 60, 총 프레임: 3,853개
   길이: 64.2초 (1.1분)
? 2024-09-05_21-26-38:
   해상도: 1920x1080 (비율: 0.562)
   FPS: 60, 총 프레임: 7,174개
   길이: 119.6초 (2.0분)
? 2024-09-05_21-18-58:
   해상도: 1920x1080 (비율: 0.562)
   FPS: 60, 총 프레임: 13,718개
   길이: 228.6초 (3.8분)
? 2024-09-05_21-13-49:
   해상도: 1920x1080 (비율: 0.562)
   FPS: 60, 총 프레임: 11,328개
   길이: 188.8초 (3.1분)
? 2024-09-05_21-07-35:
   해상도: 1920x1080 (비율: 0.562)
   FPS: 60, 총 프레임: 15,815개
   길이: 263.6초 (4.4분)
? 2024-09-05_21-04-38:
   해상도: 1920x1080 (비율: 0.562)
   FPS: 60, 총 프레임: 5,076개
   길이: 84.6초 (1.4분)
? 2024-09-05_21-01-27:
   해상도: 1920x1080 (비율: 0.562)
   FPS: 60, 총 프레임: 5,783개
   길이: 96.4초 (1.6분)
? 2024-09-05_20-51-00:
   해상도: 1920x1080 (비율: 0.562)
   FPS: 60, 총 프레임: 18,036개
   길이: 300.6초 (5.0분)

? 해상도 통계:
   고유 해상도: 1가지
   1920x1080: 10개 비디오
   평균 FPS: 60.0
   총 길이: 2678.0초 (44.6분)

================================================================================
? [1/10] 비디오 처리 중: 2024-09-05_22-11-07
   임계값: 0.9
================================================================================
? 2024-09-05_22-11-07 PyTorch Detection 시작 (1200프레임 제한)
============================================================
? 성능 모니터링 시작
? 시스템 정보:
   ??  CPU: 64코어
   ? RAM: 172.8GB
   ? GPU: NVIDIA GeForce RTX 4090 (23.5GB)

? [1/4] 데이터 로드 및 초기화
? 데이터 검색 중...
🔍 데이터 검색: 2024-09-05_22-11-07
   🎬 처리된 데이터가 없음 → Raw 비디오 모드로 진행

? 전체 처리 완료: 0.00초
? [1/10] 실패: 2024-09-05_22-11-07
   오류: 'data_dir'

================================================================================
? [2/10] 비디오 처리 중: 2024-09-05_21-37-08
   임계값: 0.9
================================================================================
? 2024-09-05_21-37-08 PyTorch Detection 시작 (1200프레임 제한)
============================================================
? 성능 모니터링 시작
? 시스템 정보:
   ??  CPU: 64코어
   ? RAM: 172.8GB
   ? GPU: NVIDIA GeForce RTX 4090 (23.5GB)

? [1/4] 데이터 로드 및 초기화
? 데이터 검색 중...
🔍 데이터 검색: 2024-09-05_21-37-08
   🎬 처리된 데이터가 없음 → Raw 비디오 모드로 진행

? 전체 처리 완료: 0.00초
? [2/10] 실패: 2024-09-05_21-37-08
   오류: 'data_dir'

================================================================================
? [3/10] 비디오 처리 중: 2024-09-05_21-31-00
   임계값: 0.9
================================================================================
? 2024-09-05_21-31-00 PyTorch Detection 시작 (1200프레임 제한)
============================================================
? 성능 모니터링 시작
? 시스템 정보:
   ??  CPU: 64코어
   ? RAM: 172.8GB
   ? GPU: NVIDIA GeForce RTX 4090 (23.5GB)

? [1/4] 데이터 로드 및 초기화
? 데이터 검색 중...
🔍 데이터 검색: 2024-09-05_21-31-00
   🎬 처리된 데이터가 없음 → Raw 비디오 모드로 진행

? 전체 처리 완료: 0.00초
? [3/10] 실패: 2024-09-05_21-31-00
   오류: 'data_dir'

================================================================================
? [4/10] 비디오 처리 중: 2024-09-05_21-26-38
   임계값: 0.9
================================================================================
? 2024-09-05_21-26-38 PyTorch Detection 시작 (1200프레임 제한)
============================================================
? 성능 모니터링 시작
? 시스템 정보:
   ??  CPU: 64코어
   ? RAM: 172.8GB
   ? GPU: NVIDIA GeForce RTX 4090 (23.5GB)

? [1/4] 데이터 로드 및 초기화
? 데이터 검색 중...
🔍 데이터 검색: 2024-09-05_21-26-38
   🎬 처리된 데이터가 없음 → Raw 비디오 모드로 진행

? 전체 처리 완료: 0.00초
? [4/10] 실패: 2024-09-05_21-26-38
   오류: 'data_dir'

================================================================================
? [5/10] 비디오 처리 중: 2024-09-05_21-18-58
   임계값: 0.9
================================================================================
? 2024-09-05_21-18-58 PyTorch Detection 시작 (1200프레임 제한)
============================================================
? 성능 모니터링 시작
? 시스템 정보:
   ??  CPU: 64코어
   ? RAM: 172.8GB
   ? GPU: NVIDIA GeForce RTX 4090 (23.5GB)

? [1/4] 데이터 로드 및 초기화
? 데이터 검색 중...
🔍 데이터 검색: 2024-09-05_21-18-58
   🎬 처리된 데이터가 없음 → Raw 비디오 모드로 진행

? 전체 처리 완료: 0.00초
? [5/10] 실패: 2024-09-05_21-18-58
   오류: 'data_dir'

================================================================================
? [6/10] 비디오 처리 중: 2024-09-05_21-13-49
   임계값: 0.9
================================================================================
? 2024-09-05_21-13-49 PyTorch Detection 시작 (1200프레임 제한)
============================================================
? 성능 모니터링 시작
? 시스템 정보:
   ??  CPU: 64코어
   ? RAM: 172.8GB
   ? GPU: NVIDIA GeForce RTX 4090 (23.5GB)

? [1/4] 데이터 로드 및 초기화
? 데이터 검색 중...
🔍 데이터 검색: 2024-09-05_21-13-49
   🎬 처리된 데이터가 없음 → Raw 비디오 모드로 진행

? 전체 처리 완료: 0.00초
? [6/10] 실패: 2024-09-05_21-13-49
   오류: 'data_dir'

================================================================================
? [7/10] 비디오 처리 중: 2024-09-05_21-07-35
   임계값: 0.9
================================================================================
? 2024-09-05_21-07-35 PyTorch Detection 시작 (1200프레임 제한)
============================================================
? 성능 모니터링 시작
? 시스템 정보:
   ??  CPU: 64코어
   ? RAM: 172.8GB
   ? GPU: NVIDIA GeForce RTX 4090 (23.5GB)

? [1/4] 데이터 로드 및 초기화
? 데이터 검색 중...
🔍 데이터 검색: 2024-09-05_21-07-35
   🎬 처리된 데이터가 없음 → Raw 비디오 모드로 진행

? 전체 처리 완료: 0.00초
? [7/10] 실패: 2024-09-05_21-07-35
   오류: 'data_dir'

================================================================================
? [8/10] 비디오 처리 중: 2024-09-05_21-04-38
   임계값: 0.9
================================================================================
? 2024-09-05_21-04-38 PyTorch Detection 시작 (1200프레임 제한)
============================================================
? 성능 모니터링 시작
? 시스템 정보:
   ??  CPU: 64코어
   ? RAM: 172.8GB
   ? GPU: NVIDIA GeForce RTX 4090 (23.5GB)

? [1/4] 데이터 로드 및 초기화
? 데이터 검색 중...
🔍 데이터 검색: 2024-09-05_21-04-38
   🎬 처리된 데이터가 없음 → Raw 비디오 모드로 진행

? 전체 처리 완료: 0.00초
? [8/10] 실패: 2024-09-05_21-04-38
   오류: 'data_dir'

================================================================================
? [9/10] 비디오 처리 중: 2024-09-05_21-01-27
   임계값: 0.9
================================================================================
? 2024-09-05_21-01-27 PyTorch Detection 시작 (1200프레임 제한)
============================================================
? 성능 모니터링 시작
? 시스템 정보:
   ??  CPU: 64코어
   ? RAM: 172.8GB
   ? GPU: NVIDIA GeForce RTX 4090 (23.5GB)

? [1/4] 데이터 로드 및 초기화
? 데이터 검색 중...
🔍 데이터 검색: 2024-09-05_21-01-27
   🎬 처리된 데이터가 없음 → Raw 비디오 모드로 진행

? 전체 처리 완료: 0.00초
? [9/10] 실패: 2024-09-05_21-01-27
   오류: 'data_dir'

================================================================================
? [10/10] 비디오 처리 중: 2024-09-05_20-51-00
   임계값: 0.9
================================================================================
? 2024-09-05_20-51-00 PyTorch Detection 시작 (1200프레임 제한)
============================================================
? 성능 모니터링 시작
? 시스템 정보:
   ??  CPU: 64코어
   ? RAM: 172.8GB
   ? GPU: NVIDIA GeForce RTX 4090 (23.5GB)

? [1/4] 데이터 로드 및 초기화
? 데이터 검색 중...
🔍 데이터 검색: 2024-09-05_20-51-00
   🎬 처리된 데이터가 없음 → Raw 비디오 모드로 진행

? 전체 처리 완료: 0.00초
? [10/10] 실패: 2024-09-05_20-51-00
   오류: 'data_dir'

================================================================================
🎯 통합 모드 전체 처리 완료!
   ✅ 성공: 0/10개
   🎯 임계값: 0.9
================================================================================
